<?xml version="1.0" encoding="UTF-8"?>
<!-- Generated by org.testng.reporters.JUnitXMLReporter -->
<testsuite ignored="0" hostname="Yaakoubs-MacBook-Air.local" failures="1" tests="5" name="LoginTest" time="30.426" errors="0" timestamp="2023-02-26T18:15:26 EST">
  <testcase classname="Test.LoginTest" name="Login" time="3.915"/>
  <testcase classname="Test.LoginTest" name="Login" time="3.975"/>
  <testcase classname="Test.Test2" name="testtwo" time="8.042">
    <failure type="java.lang.IllegalMonitorStateException">
      <![CDATA[java.lang.IllegalMonitorStateException
at java.base/java.lang.Object.wait(Native Method)
at Test.Test2.testtwo(Test2.java:16)
at java.base/java.util.ArrayList.forEach(ArrayList.java:1541)
... Removed 31 stack frames]]>
    </failure>
  </testcase> <!-- testtwo -->
  <testcase classname="Test.Testthree" name="Test3" time="0.0"/>
  <testcase classname="Test.Testfoor" name="test4" time="0.0"/>
</testsuite> <!-- LoginTest -->
